mode: atomic
github.com/StevanoZ/dv-user/service/user_service.go:59.11,68.2 1 0
github.com/StevanoZ/dv-user/service/user_service.go:70.94,72.75 2 0
github.com/StevanoZ/dv-user/service/user_service.go:115.2,117.17 2 0
github.com/StevanoZ/dv-user/service/user_service.go:72.75,76.41 3 0
github.com/StevanoZ/dv-user/service/user_service.go:80.3,80.23 1 0
github.com/StevanoZ/dv-user/service/user_service.go:83.3,85.17 2 0
github.com/StevanoZ/dv-user/service/user_service.go:88.3,94.17 7 0
github.com/StevanoZ/dv-user/service/user_service.go:98.3,100.13 2 0
github.com/StevanoZ/dv-user/service/user_service.go:107.3,107.13 1 0
github.com/StevanoZ/dv-user/service/user_service.go:112.3,112.13 1 0
github.com/StevanoZ/dv-user/service/user_service.go:76.41,78.4 1 0
github.com/StevanoZ/dv-user/service/user_service.go:80.23,82.4 1 0
github.com/StevanoZ/dv-user/service/user_service.go:85.17,87.4 1 0
github.com/StevanoZ/dv-user/service/user_service.go:94.17,96.4 1 0
github.com/StevanoZ/dv-user/service/user_service.go:100.13,105.4 1 0
github.com/StevanoZ/dv-user/service/user_service.go:107.13,110.4 2 0
github.com/StevanoZ/dv-user/service/user_service.go:120.101,122.75 2 0
github.com/StevanoZ/dv-user/service/user_service.go:175.2,177.26 2 0
github.com/StevanoZ/dv-user/service/user_service.go:122.75,133.17 8 0
github.com/StevanoZ/dv-user/service/user_service.go:137.3,137.34 1 0
github.com/StevanoZ/dv-user/service/user_service.go:140.3,142.17 2 0
github.com/StevanoZ/dv-user/service/user_service.go:146.3,146.23 1 0
github.com/StevanoZ/dv-user/service/user_service.go:156.3,156.23 1 0
github.com/StevanoZ/dv-user/service/user_service.go:164.3,164.36 1 0
github.com/StevanoZ/dv-user/service/user_service.go:168.3,172.13 4 0
github.com/StevanoZ/dv-user/service/user_service.go:133.17,135.4 1 0
github.com/StevanoZ/dv-user/service/user_service.go:137.34,139.4 1 0
github.com/StevanoZ/dv-user/service/user_service.go:142.17,144.4 1 0
github.com/StevanoZ/dv-user/service/user_service.go:146.23,154.4 2 0
github.com/StevanoZ/dv-user/service/user_service.go:156.23,157.32 1 0
github.com/StevanoZ/dv-user/service/user_service.go:161.4,161.14 1 0
github.com/StevanoZ/dv-user/service/user_service.go:157.32,160.5 2 0
github.com/StevanoZ/dv-user/service/user_service.go:164.36,166.4 1 0
github.com/StevanoZ/dv-user/service/user_service.go:180.120,183.75 2 0
github.com/StevanoZ/dv-user/service/user_service.go:210.2,212.12 2 0
github.com/StevanoZ/dv-user/service/user_service.go:218.2,218.17 1 0
github.com/StevanoZ/dv-user/service/user_service.go:183.75,188.17 3 0
github.com/StevanoZ/dv-user/service/user_service.go:192.3,202.17 2 0
github.com/StevanoZ/dv-user/service/user_service.go:206.3,207.13 2 0
github.com/StevanoZ/dv-user/service/user_service.go:188.17,190.4 1 0
github.com/StevanoZ/dv-user/service/user_service.go:202.17,204.4 1 0
github.com/StevanoZ/dv-user/service/user_service.go:212.12,216.3 3 0
github.com/StevanoZ/dv-user/service/user_service.go:220.109,222.75 2 0
github.com/StevanoZ/dv-user/service/user_service.go:287.2,289.12 2 0
github.com/StevanoZ/dv-user/service/user_service.go:294.2,294.26 1 0
github.com/StevanoZ/dv-user/service/user_service.go:222.75,228.17 3 0
github.com/StevanoZ/dv-user/service/user_service.go:232.3,232.30 1 0
github.com/StevanoZ/dv-user/service/user_service.go:236.3,236.28 1 0
github.com/StevanoZ/dv-user/service/user_service.go:240.3,242.37 2 0
github.com/StevanoZ/dv-user/service/user_service.go:246.3,248.17 2 0
github.com/StevanoZ/dv-user/service/user_service.go:252.3,252.37 1 0
github.com/StevanoZ/dv-user/service/user_service.go:261.3,268.17 6 0
github.com/StevanoZ/dv-user/service/user_service.go:272.3,280.17 3 0
github.com/StevanoZ/dv-user/service/user_service.go:283.3,284.13 2 0
github.com/StevanoZ/dv-user/service/user_service.go:228.17,230.4 1 0
github.com/StevanoZ/dv-user/service/user_service.go:232.30,234.4 1 0
github.com/StevanoZ/dv-user/service/user_service.go:236.28,238.4 1 0
github.com/StevanoZ/dv-user/service/user_service.go:242.37,244.4 1 0
github.com/StevanoZ/dv-user/service/user_service.go:248.17,250.4 1 0
github.com/StevanoZ/dv-user/service/user_service.go:252.37,256.18 4 0
github.com/StevanoZ/dv-user/service/user_service.go:259.4,259.58 1 0
github.com/StevanoZ/dv-user/service/user_service.go:256.18,258.5 1 0
github.com/StevanoZ/dv-user/service/user_service.go:268.17,270.4 1 0
github.com/StevanoZ/dv-user/service/user_service.go:280.17,282.4 1 0
github.com/StevanoZ/dv-user/service/user_service.go:289.12,292.3 2 0
github.com/StevanoZ/dv-user/service/user_service.go:297.82,298.75 1 0
github.com/StevanoZ/dv-user/service/user_service.go:342.2,342.30 1 0
github.com/StevanoZ/dv-user/service/user_service.go:298.75,304.17 3 0
github.com/StevanoZ/dv-user/service/user_service.go:308.3,308.30 1 0
github.com/StevanoZ/dv-user/service/user_service.go:312.3,312.28 1 0
github.com/StevanoZ/dv-user/service/user_service.go:316.3,328.17 3 0
github.com/StevanoZ/dv-user/service/user_service.go:332.3,332.13 1 0
github.com/StevanoZ/dv-user/service/user_service.go:339.3,339.13 1 0
github.com/StevanoZ/dv-user/service/user_service.go:304.17,306.4 1 0
github.com/StevanoZ/dv-user/service/user_service.go:308.30,310.4 1 0
github.com/StevanoZ/dv-user/service/user_service.go:312.28,314.4 1 0
github.com/StevanoZ/dv-user/service/user_service.go:328.17,330.4 1 0
github.com/StevanoZ/dv-user/service/user_service.go:332.13,337.4 1 0
github.com/StevanoZ/dv-user/service/user_service.go:346.131,349.75 2 0
github.com/StevanoZ/dv-user/service/user_service.go:407.2,409.12 2 0
github.com/StevanoZ/dv-user/service/user_service.go:466.2,466.12 1 0
github.com/StevanoZ/dv-user/service/user_service.go:472.2,472.23 1 0
github.com/StevanoZ/dv-user/service/user_service.go:349.75,354.22 4 0
github.com/StevanoZ/dv-user/service/user_service.go:358.3,358.24 1 0
github.com/StevanoZ/dv-user/service/user_service.go:401.3,401.36 1 0
github.com/StevanoZ/dv-user/service/user_service.go:404.3,404.13 1 0
github.com/StevanoZ/dv-user/service/user_service.go:354.22,356.4 1 0
github.com/StevanoZ/dv-user/service/user_service.go:358.24,363.18 4 0
github.com/StevanoZ/dv-user/service/user_service.go:367.4,367.24 1 0
github.com/StevanoZ/dv-user/service/user_service.go:363.18,365.5 1 0
github.com/StevanoZ/dv-user/service/user_service.go:367.24,375.19 6 0
github.com/StevanoZ/dv-user/service/user_service.go:379.5,391.19 5 0
github.com/StevanoZ/dv-user/service/user_service.go:395.5,397.15 2 0
github.com/StevanoZ/dv-user/service/user_service.go:375.19,377.6 1 0
github.com/StevanoZ/dv-user/service/user_service.go:391.19,393.6 1 0
github.com/StevanoZ/dv-user/service/user_service.go:401.36,403.4 1 0
github.com/StevanoZ/dv-user/service/user_service.go:409.12,412.69 3 0
github.com/StevanoZ/dv-user/service/user_service.go:412.69,415.18 3 0
github.com/StevanoZ/dv-user/service/user_service.go:419.4,426.34 6 0
github.com/StevanoZ/dv-user/service/user_service.go:433.4,433.21 1 0
github.com/StevanoZ/dv-user/service/user_service.go:456.4,456.37 1 0
github.com/StevanoZ/dv-user/service/user_service.go:461.4,461.14 1 0
github.com/StevanoZ/dv-user/service/user_service.go:415.18,417.5 1 0
github.com/StevanoZ/dv-user/service/user_service.go:426.34,427.18 1 0
github.com/StevanoZ/dv-user/service/user_service.go:427.18,429.11 2 0
github.com/StevanoZ/dv-user/service/user_service.go:433.21,440.25 4 0
github.com/StevanoZ/dv-user/service/user_service.go:444.5,444.25 1 0
github.com/StevanoZ/dv-user/service/user_service.go:440.25,443.6 2 0
github.com/StevanoZ/dv-user/service/user_service.go:444.25,453.6 3 0
github.com/StevanoZ/dv-user/service/user_service.go:456.37,458.5 1 0
github.com/StevanoZ/dv-user/service/user_service.go:458.10,458.33 1 0
github.com/StevanoZ/dv-user/service/user_service.go:458.33,460.5 1 0
github.com/StevanoZ/dv-user/service/user_service.go:466.12,470.3 3 0
github.com/StevanoZ/dv-user/service/user_service.go:475.101,479.127 3 0
github.com/StevanoZ/dv-user/service/user_service.go:508.2,511.23 3 0
github.com/StevanoZ/dv-user/service/user_service.go:479.127,482.17 2 0
github.com/StevanoZ/dv-user/service/user_service.go:486.3,487.29 2 0
github.com/StevanoZ/dv-user/service/user_service.go:501.3,501.36 1 0
github.com/StevanoZ/dv-user/service/user_service.go:505.3,505.24 1 0
github.com/StevanoZ/dv-user/service/user_service.go:482.17,484.4 1 0
github.com/StevanoZ/dv-user/service/user_service.go:487.29,489.24 2 0
github.com/StevanoZ/dv-user/service/user_service.go:489.24,491.19 2 0
github.com/StevanoZ/dv-user/service/user_service.go:494.5,497.15 4 0
github.com/StevanoZ/dv-user/service/user_service.go:491.19,493.6 1 0
github.com/StevanoZ/dv-user/service/user_service.go:501.36,503.4 1 0
github.com/StevanoZ/dv-user/service/user_service.go:514.117,517.75 2 0
github.com/StevanoZ/dv-user/service/user_service.go:589.2,591.12 2 0
github.com/StevanoZ/dv-user/service/user_service.go:597.2,597.22 1 0
github.com/StevanoZ/dv-user/service/user_service.go:517.75,524.17 4 0
github.com/StevanoZ/dv-user/service/user_service.go:528.3,536.34 6 0
github.com/StevanoZ/dv-user/service/user_service.go:550.3,550.28 1 0
github.com/StevanoZ/dv-user/service/user_service.go:554.3,554.23 1 0
github.com/StevanoZ/dv-user/service/user_service.go:575.3,575.23 1 0
github.com/StevanoZ/dv-user/service/user_service.go:583.3,583.36 1 0
github.com/StevanoZ/dv-user/service/user_service.go:586.3,586.13 1 0
github.com/StevanoZ/dv-user/service/user_service.go:524.17,526.4 1 0
github.com/StevanoZ/dv-user/service/user_service.go:536.34,537.39 1 0
github.com/StevanoZ/dv-user/service/user_service.go:541.4,541.39 1 0
github.com/StevanoZ/dv-user/service/user_service.go:545.4,545.25 1 0
github.com/StevanoZ/dv-user/service/user_service.go:537.39,539.5 1 0
github.com/StevanoZ/dv-user/service/user_service.go:541.39,543.5 1 0
github.com/StevanoZ/dv-user/service/user_service.go:545.25,548.5 2 0
github.com/StevanoZ/dv-user/service/user_service.go:550.28,552.4 1 0
github.com/StevanoZ/dv-user/service/user_service.go:554.23,560.18 2 0
github.com/StevanoZ/dv-user/service/user_service.go:563.4,572.14 4 0
github.com/StevanoZ/dv-user/service/user_service.go:560.18,562.5 1 0
github.com/StevanoZ/dv-user/service/user_service.go:575.23,581.4 2 0
github.com/StevanoZ/dv-user/service/user_service.go:583.36,585.4 1 0
github.com/StevanoZ/dv-user/service/user_service.go:591.12,595.3 3 0
github.com/StevanoZ/dv-user/service/user_service.go:600.93,602.75 1 0
github.com/StevanoZ/dv-user/service/user_service.go:634.2,636.12 2 0
github.com/StevanoZ/dv-user/service/user_service.go:602.75,608.17 4 0
github.com/StevanoZ/dv-user/service/user_service.go:612.3,612.29 1 0
github.com/StevanoZ/dv-user/service/user_service.go:616.3,616.19 1 0
github.com/StevanoZ/dv-user/service/user_service.go:620.3,620.23 1 0
github.com/StevanoZ/dv-user/service/user_service.go:624.3,624.23 1 0
github.com/StevanoZ/dv-user/service/user_service.go:628.3,628.36 1 0
github.com/StevanoZ/dv-user/service/user_service.go:631.3,631.13 1 0
github.com/StevanoZ/dv-user/service/user_service.go:608.17,610.4 1 0
github.com/StevanoZ/dv-user/service/user_service.go:612.29,614.4 1 0
github.com/StevanoZ/dv-user/service/user_service.go:616.19,618.4 1 0
github.com/StevanoZ/dv-user/service/user_service.go:620.23,622.4 1 0
github.com/StevanoZ/dv-user/service/user_service.go:624.23,626.4 1 0
github.com/StevanoZ/dv-user/service/user_service.go:628.36,630.4 1 0
github.com/StevanoZ/dv-user/service/user_service.go:636.12,640.3 3 0
github.com/StevanoZ/dv-user/service/user_service.go:643.115,661.119 9 0
github.com/StevanoZ/dv-user/service/user_service.go:709.2,712.28 3 0
github.com/StevanoZ/dv-user/service/user_service.go:661.119,662.24 1 0
github.com/StevanoZ/dv-user/service/user_service.go:667.3,667.24 1 0
github.com/StevanoZ/dv-user/service/user_service.go:676.3,676.37 1 0
github.com/StevanoZ/dv-user/service/user_service.go:680.3,681.24 2 0
github.com/StevanoZ/dv-user/service/user_service.go:699.3,699.37 1 0
github.com/StevanoZ/dv-user/service/user_service.go:703.3,706.29 3 0
github.com/StevanoZ/dv-user/service/user_service.go:662.24,665.4 2 0
github.com/StevanoZ/dv-user/service/user_service.go:667.24,674.4 2 0
github.com/StevanoZ/dv-user/service/user_service.go:676.37,678.4 1 0
github.com/StevanoZ/dv-user/service/user_service.go:681.24,684.25 2 0
github.com/StevanoZ/dv-user/service/user_service.go:684.25,685.41 1 0
github.com/StevanoZ/dv-user/service/user_service.go:692.5,695.15 3 0
github.com/StevanoZ/dv-user/service/user_service.go:685.41,687.20 2 0
github.com/StevanoZ/dv-user/service/user_service.go:690.6,690.46 1 0
github.com/StevanoZ/dv-user/service/user_service.go:687.20,689.7 1 0
github.com/StevanoZ/dv-user/service/user_service.go:699.37,701.4 1 0
github.com/StevanoZ/dv-user/service/user_service.go:715.98,718.121 3 0
github.com/StevanoZ/dv-user/service/user_service.go:758.2,761.27 3 0
github.com/StevanoZ/dv-user/service/user_service.go:718.121,722.17 2 0
github.com/StevanoZ/dv-user/service/user_service.go:726.3,728.44 2 0
github.com/StevanoZ/dv-user/service/user_service.go:751.3,751.36 1 0
github.com/StevanoZ/dv-user/service/user_service.go:755.3,755.28 1 0
github.com/StevanoZ/dv-user/service/user_service.go:722.17,724.4 1 0
github.com/StevanoZ/dv-user/service/user_service.go:728.44,732.24 3 0
github.com/StevanoZ/dv-user/service/user_service.go:732.24,734.19 1 0
github.com/StevanoZ/dv-user/service/user_service.go:747.5,747.15 1 0
github.com/StevanoZ/dv-user/service/user_service.go:734.19,736.20 2 0
github.com/StevanoZ/dv-user/service/user_service.go:739.6,741.49 2 0
github.com/StevanoZ/dv-user/service/user_service.go:736.20,738.7 1 0
github.com/StevanoZ/dv-user/service/user_service.go:741.49,743.7 1 0
github.com/StevanoZ/dv-user/service/user_service.go:751.36,753.4 1 0
github.com/StevanoZ/dv-user/main.go:10.13,17.16 5 0
github.com/StevanoZ/dv-user/main.go:21.2,21.13 1 0
github.com/StevanoZ/dv-user/main.go:17.16,19.3 1 0
github.com/StevanoZ/dv-user/db/user/sqlc/db.go:19.28,21.2 1 0
github.com/StevanoZ/dv-user/db/user/sqlc/db.go:27.47,31.2 1 0
github.com/StevanoZ/dv-user/db/user/sqlc/user.sql.go:29.87,53.2 4 0
github.com/StevanoZ/dv-user/db/user/sqlc/user.sql.go:69.102,88.2 4 0
github.com/StevanoZ/dv-user/db/user/sqlc/user.sql.go:94.71,97.2 2 0
github.com/StevanoZ/dv-user/db/user/sqlc/user.sql.go:103.76,106.2 2 0
github.com/StevanoZ/dv-user/db/user/sqlc/user.sql.go:112.84,130.2 4 0
github.com/StevanoZ/dv-user/db/user/sqlc/user.sql.go:136.81,154.2 4 0
github.com/StevanoZ/dv-user/db/user/sqlc/user.sql.go:160.91,173.2 4 0
github.com/StevanoZ/dv-user/db/user/sqlc/user.sql.go:179.102,181.16 2 0
github.com/StevanoZ/dv-user/db/user/sqlc/user.sql.go:184.2,186.18 3 0
github.com/StevanoZ/dv-user/db/user/sqlc/user.sql.go:201.2,201.37 1 0
github.com/StevanoZ/dv-user/db/user/sqlc/user.sql.go:204.2,204.35 1 0
github.com/StevanoZ/dv-user/db/user/sqlc/user.sql.go:207.2,207.19 1 0
github.com/StevanoZ/dv-user/db/user/sqlc/user.sql.go:181.16,183.3 1 0
github.com/StevanoZ/dv-user/db/user/sqlc/user.sql.go:186.18,196.17 2 0
github.com/StevanoZ/dv-user/db/user/sqlc/user.sql.go:199.3,199.27 1 0
github.com/StevanoZ/dv-user/db/user/sqlc/user.sql.go:196.17,198.4 1 0
github.com/StevanoZ/dv-user/db/user/sqlc/user.sql.go:201.37,203.3 1 0
github.com/StevanoZ/dv-user/db/user/sqlc/user.sql.go:204.35,206.3 1 0
github.com/StevanoZ/dv-user/db/user/sqlc/user.sql.go:232.104,251.2 4 0
github.com/StevanoZ/dv-user/db/user/sqlc/user.sql.go:285.87,294.16 2 0
github.com/StevanoZ/dv-user/db/user/sqlc/user.sql.go:297.2,299.18 3 0
github.com/StevanoZ/dv-user/db/user/sqlc/user.sql.go:319.2,319.37 1 0
github.com/StevanoZ/dv-user/db/user/sqlc/user.sql.go:322.2,322.35 1 0
github.com/StevanoZ/dv-user/db/user/sqlc/user.sql.go:325.2,325.19 1 0
github.com/StevanoZ/dv-user/db/user/sqlc/user.sql.go:294.16,296.3 1 0
github.com/StevanoZ/dv-user/db/user/sqlc/user.sql.go:299.18,314.17 2 0
github.com/StevanoZ/dv-user/db/user/sqlc/user.sql.go:317.3,317.27 1 0
github.com/StevanoZ/dv-user/db/user/sqlc/user.sql.go:314.17,316.4 1 0
github.com/StevanoZ/dv-user/db/user/sqlc/user.sql.go:319.37,321.3 1 0
github.com/StevanoZ/dv-user/db/user/sqlc/user.sql.go:322.35,324.3 1 0
github.com/StevanoZ/dv-user/db/user/sqlc/user.sql.go:348.114,353.2 4 0
github.com/StevanoZ/dv-user/db/user/sqlc/user.sql.go:371.87,397.2 4 0
github.com/StevanoZ/dv-user/db/user/sqlc/user.sql.go:408.102,421.2 4 0
github.com/StevanoZ/dv-user/db/user/sqlc/user.sql.go:434.105,452.2 4 0
github.com/StevanoZ/dv-user/app/server.go:30.10,36.2 1 0
github.com/StevanoZ/dv-user/app/server.go:38.30,49.2 7 0
github.com/StevanoZ/dv-user/db/user/sqlc/user_repository.go:35.39,40.2 1 0
github.com/StevanoZ/dv-user/db/user/sqlc/user_repository.go:42.51,46.2 1 0
github.com/StevanoZ/dv-user/db/user/sqlc/user_repository.go:48.40,50.2 1 0
github.com/StevanoZ/dv-user/handler/user_handler.go:39.15,44.2 1 1
github.com/StevanoZ/dv-user/handler/user_handler.go:48.3,70.62 18 1
github.com/StevanoZ/dv-user/handler/user_handler.go:70.62,72.3 1 0
github.com/StevanoZ/dv-user/handler/user_handler.go:75.74,81.2 4 1
github.com/StevanoZ/dv-user/handler/user_handler.go:83.73,89.2 4 1
github.com/StevanoZ/dv-user/handler/user_handler.go:91.78,100.2 6 1
github.com/StevanoZ/dv-user/handler/user_handler.go:102.77,108.2 4 1
github.com/StevanoZ/dv-user/handler/user_handler.go:110.77,116.2 4 1
github.com/StevanoZ/dv-user/handler/user_handler.go:118.80,122.16 3 2
github.com/StevanoZ/dv-user/handler/user_handler.go:126.2,131.46 4 1
github.com/StevanoZ/dv-user/handler/user_handler.go:122.16,124.3 1 1
github.com/StevanoZ/dv-user/handler/user_handler.go:134.80,142.2 5 1
github.com/StevanoZ/dv-user/handler/user_handler.go:144.76,163.2 9 1
github.com/StevanoZ/dv-user/handler/user_handler.go:165.75,170.2 3 1
github.com/StevanoZ/dv-user/handler/user_handler.go:172.81,178.2 3 1
github.com/StevanoZ/dv-user/handler/user_handler.go:180.79,189.2 5 1
github.com/StevanoZ/dv-user/dtos/mapping/mapping_response.go:13.54,24.2 1 0
github.com/StevanoZ/dv-user/dtos/mapping/mapping_response.go:26.72,37.2 1 0
github.com/StevanoZ/dv-user/dtos/mapping/mapping_response.go:39.70,49.2 1 0
github.com/StevanoZ/dv-user/dtos/mapping/mapping_response.go:51.91,56.29 4 0
github.com/StevanoZ/dv-user/dtos/mapping/mapping_response.go:63.2,74.3 1 0
github.com/StevanoZ/dv-user/dtos/mapping/mapping_response.go:56.29,57.40 1 0
github.com/StevanoZ/dv-user/dtos/mapping/mapping_response.go:57.40,60.4 2 0
github.com/StevanoZ/dv-user/dtos/mapping/mapping_response.go:77.79,85.37 5 1
github.com/StevanoZ/dv-user/dtos/mapping/mapping_response.go:93.2,93.21 1 1
github.com/StevanoZ/dv-user/dtos/mapping/mapping_response.go:99.2,104.3 1 1
github.com/StevanoZ/dv-user/dtos/mapping/mapping_response.go:85.37,88.3 2 1
github.com/StevanoZ/dv-user/dtos/mapping/mapping_response.go:88.8,91.3 2 0
github.com/StevanoZ/dv-user/dtos/mapping/mapping_response.go:93.21,95.3 1 0
github.com/StevanoZ/dv-user/dtos/mapping/mapping_response.go:95.8,97.3 1 1
github.com/StevanoZ/dv-user/dtos/mapping/mapping_response.go:108.71,115.2 1 0
github.com/StevanoZ/dv-user/dtos/mapping/mapping_response.go:117.69,127.2 1 0
github.com/StevanoZ/dv-user/db/user/sqlc/user_repository.go:35.39,40.2 1 0
github.com/StevanoZ/dv-user/db/user/sqlc/user_repository.go:42.51,46.2 1 0
github.com/StevanoZ/dv-user/db/user/sqlc/user_repository.go:48.40,50.2 1 0
github.com/StevanoZ/dv-user/app/server.go:30.10,36.2 1 2
github.com/StevanoZ/dv-user/app/server.go:38.30,49.2 7 1
github.com/StevanoZ/dv-user/db/user/sqlc/user.sql.go:29.87,53.2 4 0
github.com/StevanoZ/dv-user/db/user/sqlc/user.sql.go:69.102,88.2 4 0
github.com/StevanoZ/dv-user/db/user/sqlc/user.sql.go:94.71,97.2 2 0
github.com/StevanoZ/dv-user/db/user/sqlc/user.sql.go:103.76,106.2 2 0
github.com/StevanoZ/dv-user/db/user/sqlc/user.sql.go:112.84,130.2 4 0
github.com/StevanoZ/dv-user/db/user/sqlc/user.sql.go:136.81,154.2 4 0
github.com/StevanoZ/dv-user/db/user/sqlc/user.sql.go:160.91,173.2 4 0
github.com/StevanoZ/dv-user/db/user/sqlc/user.sql.go:179.102,181.16 2 0
github.com/StevanoZ/dv-user/db/user/sqlc/user.sql.go:184.2,186.18 3 0
github.com/StevanoZ/dv-user/db/user/sqlc/user.sql.go:201.2,201.37 1 0
github.com/StevanoZ/dv-user/db/user/sqlc/user.sql.go:204.2,204.35 1 0
github.com/StevanoZ/dv-user/db/user/sqlc/user.sql.go:207.2,207.19 1 0
github.com/StevanoZ/dv-user/db/user/sqlc/user.sql.go:181.16,183.3 1 0
github.com/StevanoZ/dv-user/db/user/sqlc/user.sql.go:186.18,196.17 2 0
github.com/StevanoZ/dv-user/db/user/sqlc/user.sql.go:199.3,199.27 1 0
github.com/StevanoZ/dv-user/db/user/sqlc/user.sql.go:196.17,198.4 1 0
github.com/StevanoZ/dv-user/db/user/sqlc/user.sql.go:201.37,203.3 1 0
github.com/StevanoZ/dv-user/db/user/sqlc/user.sql.go:204.35,206.3 1 0
github.com/StevanoZ/dv-user/db/user/sqlc/user.sql.go:232.104,251.2 4 0
github.com/StevanoZ/dv-user/db/user/sqlc/user.sql.go:285.87,294.16 2 0
github.com/StevanoZ/dv-user/db/user/sqlc/user.sql.go:297.2,299.18 3 0
github.com/StevanoZ/dv-user/db/user/sqlc/user.sql.go:319.2,319.37 1 0
github.com/StevanoZ/dv-user/db/user/sqlc/user.sql.go:322.2,322.35 1 0
github.com/StevanoZ/dv-user/db/user/sqlc/user.sql.go:325.2,325.19 1 0
github.com/StevanoZ/dv-user/db/user/sqlc/user.sql.go:294.16,296.3 1 0
github.com/StevanoZ/dv-user/db/user/sqlc/user.sql.go:299.18,314.17 2 0
github.com/StevanoZ/dv-user/db/user/sqlc/user.sql.go:317.3,317.27 1 0
github.com/StevanoZ/dv-user/db/user/sqlc/user.sql.go:314.17,316.4 1 0
github.com/StevanoZ/dv-user/db/user/sqlc/user.sql.go:319.37,321.3 1 0
github.com/StevanoZ/dv-user/db/user/sqlc/user.sql.go:322.35,324.3 1 0
github.com/StevanoZ/dv-user/db/user/sqlc/user.sql.go:348.114,353.2 4 0
github.com/StevanoZ/dv-user/db/user/sqlc/user.sql.go:371.87,397.2 4 0
github.com/StevanoZ/dv-user/db/user/sqlc/user.sql.go:408.102,421.2 4 0
github.com/StevanoZ/dv-user/db/user/sqlc/user.sql.go:434.105,452.2 4 0
github.com/StevanoZ/dv-user/service/user_service.go:59.11,68.2 1 0
github.com/StevanoZ/dv-user/service/user_service.go:70.94,72.75 2 0
github.com/StevanoZ/dv-user/service/user_service.go:115.2,117.17 2 0
github.com/StevanoZ/dv-user/service/user_service.go:72.75,76.41 3 0
github.com/StevanoZ/dv-user/service/user_service.go:80.3,80.23 1 0
github.com/StevanoZ/dv-user/service/user_service.go:83.3,85.17 2 0
github.com/StevanoZ/dv-user/service/user_service.go:88.3,94.17 7 0
github.com/StevanoZ/dv-user/service/user_service.go:98.3,100.13 2 0
github.com/StevanoZ/dv-user/service/user_service.go:107.3,107.13 1 0
github.com/StevanoZ/dv-user/service/user_service.go:112.3,112.13 1 0
github.com/StevanoZ/dv-user/service/user_service.go:76.41,78.4 1 0
github.com/StevanoZ/dv-user/service/user_service.go:80.23,82.4 1 0
github.com/StevanoZ/dv-user/service/user_service.go:85.17,87.4 1 0
github.com/StevanoZ/dv-user/service/user_service.go:94.17,96.4 1 0
github.com/StevanoZ/dv-user/service/user_service.go:100.13,105.4 1 0
github.com/StevanoZ/dv-user/service/user_service.go:107.13,110.4 2 0
github.com/StevanoZ/dv-user/service/user_service.go:120.101,122.75 2 0
github.com/StevanoZ/dv-user/service/user_service.go:175.2,177.26 2 0
github.com/StevanoZ/dv-user/service/user_service.go:122.75,133.17 8 0
github.com/StevanoZ/dv-user/service/user_service.go:137.3,137.34 1 0
github.com/StevanoZ/dv-user/service/user_service.go:140.3,142.17 2 0
github.com/StevanoZ/dv-user/service/user_service.go:146.3,146.23 1 0
github.com/StevanoZ/dv-user/service/user_service.go:156.3,156.23 1 0
github.com/StevanoZ/dv-user/service/user_service.go:164.3,164.36 1 0
github.com/StevanoZ/dv-user/service/user_service.go:168.3,172.13 4 0
github.com/StevanoZ/dv-user/service/user_service.go:133.17,135.4 1 0
github.com/StevanoZ/dv-user/service/user_service.go:137.34,139.4 1 0
github.com/StevanoZ/dv-user/service/user_service.go:142.17,144.4 1 0
github.com/StevanoZ/dv-user/service/user_service.go:146.23,154.4 2 0
github.com/StevanoZ/dv-user/service/user_service.go:156.23,157.32 1 0
github.com/StevanoZ/dv-user/service/user_service.go:161.4,161.14 1 0
github.com/StevanoZ/dv-user/service/user_service.go:157.32,160.5 2 0
github.com/StevanoZ/dv-user/service/user_service.go:164.36,166.4 1 0
github.com/StevanoZ/dv-user/service/user_service.go:180.120,183.75 2 0
github.com/StevanoZ/dv-user/service/user_service.go:210.2,212.12 2 0
github.com/StevanoZ/dv-user/service/user_service.go:218.2,218.17 1 0
github.com/StevanoZ/dv-user/service/user_service.go:183.75,188.17 3 0
github.com/StevanoZ/dv-user/service/user_service.go:192.3,202.17 2 0
github.com/StevanoZ/dv-user/service/user_service.go:206.3,207.13 2 0
github.com/StevanoZ/dv-user/service/user_service.go:188.17,190.4 1 0
github.com/StevanoZ/dv-user/service/user_service.go:202.17,204.4 1 0
github.com/StevanoZ/dv-user/service/user_service.go:212.12,216.3 3 0
github.com/StevanoZ/dv-user/service/user_service.go:220.109,222.75 2 0
github.com/StevanoZ/dv-user/service/user_service.go:287.2,289.12 2 0
github.com/StevanoZ/dv-user/service/user_service.go:294.2,294.26 1 0
github.com/StevanoZ/dv-user/service/user_service.go:222.75,228.17 3 0
github.com/StevanoZ/dv-user/service/user_service.go:232.3,232.30 1 0
github.com/StevanoZ/dv-user/service/user_service.go:236.3,236.28 1 0
github.com/StevanoZ/dv-user/service/user_service.go:240.3,242.37 2 0
github.com/StevanoZ/dv-user/service/user_service.go:246.3,248.17 2 0
github.com/StevanoZ/dv-user/service/user_service.go:252.3,252.37 1 0
github.com/StevanoZ/dv-user/service/user_service.go:261.3,268.17 6 0
github.com/StevanoZ/dv-user/service/user_service.go:272.3,280.17 3 0
github.com/StevanoZ/dv-user/service/user_service.go:283.3,284.13 2 0
github.com/StevanoZ/dv-user/service/user_service.go:228.17,230.4 1 0
github.com/StevanoZ/dv-user/service/user_service.go:232.30,234.4 1 0
github.com/StevanoZ/dv-user/service/user_service.go:236.28,238.4 1 0
github.com/StevanoZ/dv-user/service/user_service.go:242.37,244.4 1 0
github.com/StevanoZ/dv-user/service/user_service.go:248.17,250.4 1 0
github.com/StevanoZ/dv-user/service/user_service.go:252.37,256.18 4 0
github.com/StevanoZ/dv-user/service/user_service.go:259.4,259.58 1 0
github.com/StevanoZ/dv-user/service/user_service.go:256.18,258.5 1 0
github.com/StevanoZ/dv-user/service/user_service.go:268.17,270.4 1 0
github.com/StevanoZ/dv-user/service/user_service.go:280.17,282.4 1 0
github.com/StevanoZ/dv-user/service/user_service.go:289.12,292.3 2 0
github.com/StevanoZ/dv-user/service/user_service.go:297.82,298.75 1 0
github.com/StevanoZ/dv-user/service/user_service.go:342.2,342.30 1 0
github.com/StevanoZ/dv-user/service/user_service.go:298.75,304.17 3 0
github.com/StevanoZ/dv-user/service/user_service.go:308.3,308.30 1 0
github.com/StevanoZ/dv-user/service/user_service.go:312.3,312.28 1 0
github.com/StevanoZ/dv-user/service/user_service.go:316.3,328.17 3 0
github.com/StevanoZ/dv-user/service/user_service.go:332.3,332.13 1 0
github.com/StevanoZ/dv-user/service/user_service.go:339.3,339.13 1 0
github.com/StevanoZ/dv-user/service/user_service.go:304.17,306.4 1 0
github.com/StevanoZ/dv-user/service/user_service.go:308.30,310.4 1 0
github.com/StevanoZ/dv-user/service/user_service.go:312.28,314.4 1 0
github.com/StevanoZ/dv-user/service/user_service.go:328.17,330.4 1 0
github.com/StevanoZ/dv-user/service/user_service.go:332.13,337.4 1 0
github.com/StevanoZ/dv-user/service/user_service.go:346.131,349.75 2 0
github.com/StevanoZ/dv-user/service/user_service.go:407.2,409.12 2 0
github.com/StevanoZ/dv-user/service/user_service.go:466.2,466.12 1 0
github.com/StevanoZ/dv-user/service/user_service.go:472.2,472.23 1 0
github.com/StevanoZ/dv-user/service/user_service.go:349.75,354.22 4 0
github.com/StevanoZ/dv-user/service/user_service.go:358.3,358.24 1 0
github.com/StevanoZ/dv-user/service/user_service.go:401.3,401.36 1 0
github.com/StevanoZ/dv-user/service/user_service.go:404.3,404.13 1 0
github.com/StevanoZ/dv-user/service/user_service.go:354.22,356.4 1 0
github.com/StevanoZ/dv-user/service/user_service.go:358.24,363.18 4 0
github.com/StevanoZ/dv-user/service/user_service.go:367.4,367.24 1 0
github.com/StevanoZ/dv-user/service/user_service.go:363.18,365.5 1 0
github.com/StevanoZ/dv-user/service/user_service.go:367.24,375.19 6 0
github.com/StevanoZ/dv-user/service/user_service.go:379.5,391.19 5 0
github.com/StevanoZ/dv-user/service/user_service.go:395.5,397.15 2 0
github.com/StevanoZ/dv-user/service/user_service.go:375.19,377.6 1 0
github.com/StevanoZ/dv-user/service/user_service.go:391.19,393.6 1 0
github.com/StevanoZ/dv-user/service/user_service.go:401.36,403.4 1 0
github.com/StevanoZ/dv-user/service/user_service.go:409.12,412.69 3 0
github.com/StevanoZ/dv-user/service/user_service.go:412.69,415.18 3 0
github.com/StevanoZ/dv-user/service/user_service.go:419.4,426.34 6 0
github.com/StevanoZ/dv-user/service/user_service.go:433.4,433.21 1 0
github.com/StevanoZ/dv-user/service/user_service.go:456.4,456.37 1 0
github.com/StevanoZ/dv-user/service/user_service.go:461.4,461.14 1 0
github.com/StevanoZ/dv-user/service/user_service.go:415.18,417.5 1 0
github.com/StevanoZ/dv-user/service/user_service.go:426.34,427.18 1 0
github.com/StevanoZ/dv-user/service/user_service.go:427.18,429.11 2 0
github.com/StevanoZ/dv-user/service/user_service.go:433.21,440.25 4 0
github.com/StevanoZ/dv-user/service/user_service.go:444.5,444.25 1 0
github.com/StevanoZ/dv-user/service/user_service.go:440.25,443.6 2 0
github.com/StevanoZ/dv-user/service/user_service.go:444.25,453.6 3 0
github.com/StevanoZ/dv-user/service/user_service.go:456.37,458.5 1 0
github.com/StevanoZ/dv-user/service/user_service.go:458.10,458.33 1 0
github.com/StevanoZ/dv-user/service/user_service.go:458.33,460.5 1 0
github.com/StevanoZ/dv-user/service/user_service.go:466.12,470.3 3 0
github.com/StevanoZ/dv-user/service/user_service.go:475.101,479.127 3 0
github.com/StevanoZ/dv-user/service/user_service.go:508.2,511.23 3 0
github.com/StevanoZ/dv-user/service/user_service.go:479.127,482.17 2 0
github.com/StevanoZ/dv-user/service/user_service.go:486.3,487.29 2 0
github.com/StevanoZ/dv-user/service/user_service.go:501.3,501.36 1 0
github.com/StevanoZ/dv-user/service/user_service.go:505.3,505.24 1 0
github.com/StevanoZ/dv-user/service/user_service.go:482.17,484.4 1 0
github.com/StevanoZ/dv-user/service/user_service.go:487.29,489.24 2 0
github.com/StevanoZ/dv-user/service/user_service.go:489.24,491.19 2 0
github.com/StevanoZ/dv-user/service/user_service.go:494.5,497.15 4 0
github.com/StevanoZ/dv-user/service/user_service.go:491.19,493.6 1 0
github.com/StevanoZ/dv-user/service/user_service.go:501.36,503.4 1 0
github.com/StevanoZ/dv-user/service/user_service.go:514.117,517.75 2 0
github.com/StevanoZ/dv-user/service/user_service.go:589.2,591.12 2 0
github.com/StevanoZ/dv-user/service/user_service.go:597.2,597.22 1 0
github.com/StevanoZ/dv-user/service/user_service.go:517.75,524.17 4 0
github.com/StevanoZ/dv-user/service/user_service.go:528.3,536.34 6 0
github.com/StevanoZ/dv-user/service/user_service.go:550.3,550.28 1 0
github.com/StevanoZ/dv-user/service/user_service.go:554.3,554.23 1 0
github.com/StevanoZ/dv-user/service/user_service.go:575.3,575.23 1 0
github.com/StevanoZ/dv-user/service/user_service.go:583.3,583.36 1 0
github.com/StevanoZ/dv-user/service/user_service.go:586.3,586.13 1 0
github.com/StevanoZ/dv-user/service/user_service.go:524.17,526.4 1 0
github.com/StevanoZ/dv-user/service/user_service.go:536.34,537.39 1 0
github.com/StevanoZ/dv-user/service/user_service.go:541.4,541.39 1 0
github.com/StevanoZ/dv-user/service/user_service.go:545.4,545.25 1 0
github.com/StevanoZ/dv-user/service/user_service.go:537.39,539.5 1 0
github.com/StevanoZ/dv-user/service/user_service.go:541.39,543.5 1 0
github.com/StevanoZ/dv-user/service/user_service.go:545.25,548.5 2 0
github.com/StevanoZ/dv-user/service/user_service.go:550.28,552.4 1 0
github.com/StevanoZ/dv-user/service/user_service.go:554.23,560.18 2 0
github.com/StevanoZ/dv-user/service/user_service.go:563.4,572.14 4 0
github.com/StevanoZ/dv-user/service/user_service.go:560.18,562.5 1 0
github.com/StevanoZ/dv-user/service/user_service.go:575.23,581.4 2 0
github.com/StevanoZ/dv-user/service/user_service.go:583.36,585.4 1 0
github.com/StevanoZ/dv-user/service/user_service.go:591.12,595.3 3 0
github.com/StevanoZ/dv-user/service/user_service.go:600.93,602.75 1 0
github.com/StevanoZ/dv-user/service/user_service.go:634.2,636.12 2 0
github.com/StevanoZ/dv-user/service/user_service.go:602.75,608.17 4 0
github.com/StevanoZ/dv-user/service/user_service.go:612.3,612.29 1 0
github.com/StevanoZ/dv-user/service/user_service.go:616.3,616.19 1 0
github.com/StevanoZ/dv-user/service/user_service.go:620.3,620.23 1 0
github.com/StevanoZ/dv-user/service/user_service.go:624.3,624.23 1 0
github.com/StevanoZ/dv-user/service/user_service.go:628.3,628.36 1 0
github.com/StevanoZ/dv-user/service/user_service.go:631.3,631.13 1 0
github.com/StevanoZ/dv-user/service/user_service.go:608.17,610.4 1 0
github.com/StevanoZ/dv-user/service/user_service.go:612.29,614.4 1 0
github.com/StevanoZ/dv-user/service/user_service.go:616.19,618.4 1 0
github.com/StevanoZ/dv-user/service/user_service.go:620.23,622.4 1 0
github.com/StevanoZ/dv-user/service/user_service.go:624.23,626.4 1 0
github.com/StevanoZ/dv-user/service/user_service.go:628.36,630.4 1 0
github.com/StevanoZ/dv-user/service/user_service.go:636.12,640.3 3 0
github.com/StevanoZ/dv-user/service/user_service.go:643.115,661.119 9 0
github.com/StevanoZ/dv-user/service/user_service.go:709.2,712.28 3 0
github.com/StevanoZ/dv-user/service/user_service.go:661.119,662.24 1 0
github.com/StevanoZ/dv-user/service/user_service.go:667.3,667.24 1 0
github.com/StevanoZ/dv-user/service/user_service.go:676.3,676.37 1 0
github.com/StevanoZ/dv-user/service/user_service.go:680.3,681.24 2 0
github.com/StevanoZ/dv-user/service/user_service.go:699.3,699.37 1 0
github.com/StevanoZ/dv-user/service/user_service.go:703.3,706.29 3 0
github.com/StevanoZ/dv-user/service/user_service.go:662.24,665.4 2 0
github.com/StevanoZ/dv-user/service/user_service.go:667.24,674.4 2 0
github.com/StevanoZ/dv-user/service/user_service.go:676.37,678.4 1 0
github.com/StevanoZ/dv-user/service/user_service.go:681.24,684.25 2 0
github.com/StevanoZ/dv-user/service/user_service.go:684.25,685.41 1 0
github.com/StevanoZ/dv-user/service/user_service.go:692.5,695.15 3 0
github.com/StevanoZ/dv-user/service/user_service.go:685.41,687.20 2 0
github.com/StevanoZ/dv-user/service/user_service.go:690.6,690.46 1 0
github.com/StevanoZ/dv-user/service/user_service.go:687.20,689.7 1 0
github.com/StevanoZ/dv-user/service/user_service.go:699.37,701.4 1 0
github.com/StevanoZ/dv-user/service/user_service.go:715.98,718.121 3 0
github.com/StevanoZ/dv-user/service/user_service.go:758.2,761.27 3 0
github.com/StevanoZ/dv-user/service/user_service.go:718.121,722.17 2 0
github.com/StevanoZ/dv-user/service/user_service.go:726.3,728.44 2 0
github.com/StevanoZ/dv-user/service/user_service.go:751.3,751.36 1 0
github.com/StevanoZ/dv-user/service/user_service.go:755.3,755.28 1 0
github.com/StevanoZ/dv-user/service/user_service.go:722.17,724.4 1 0
github.com/StevanoZ/dv-user/service/user_service.go:728.44,732.24 3 0
github.com/StevanoZ/dv-user/service/user_service.go:732.24,734.19 1 0
github.com/StevanoZ/dv-user/service/user_service.go:747.5,747.15 1 0
github.com/StevanoZ/dv-user/service/user_service.go:734.19,736.20 2 0
github.com/StevanoZ/dv-user/service/user_service.go:739.6,741.49 2 0
github.com/StevanoZ/dv-user/service/user_service.go:736.20,738.7 1 0
github.com/StevanoZ/dv-user/service/user_service.go:741.49,743.7 1 0
github.com/StevanoZ/dv-user/service/user_service.go:751.36,753.4 1 0
github.com/StevanoZ/dv-user/dtos/mapping/mapping_response.go:13.54,24.2 1 0
github.com/StevanoZ/dv-user/dtos/mapping/mapping_response.go:26.72,37.2 1 0
github.com/StevanoZ/dv-user/dtos/mapping/mapping_response.go:39.70,49.2 1 0
github.com/StevanoZ/dv-user/dtos/mapping/mapping_response.go:51.91,56.29 4 0
github.com/StevanoZ/dv-user/dtos/mapping/mapping_response.go:63.2,74.3 1 0
github.com/StevanoZ/dv-user/dtos/mapping/mapping_response.go:56.29,57.40 1 0
github.com/StevanoZ/dv-user/dtos/mapping/mapping_response.go:57.40,60.4 2 0
github.com/StevanoZ/dv-user/dtos/mapping/mapping_response.go:77.79,85.37 5 0
github.com/StevanoZ/dv-user/dtos/mapping/mapping_response.go:93.2,93.21 1 0
github.com/StevanoZ/dv-user/dtos/mapping/mapping_response.go:99.2,104.3 1 0
github.com/StevanoZ/dv-user/dtos/mapping/mapping_response.go:85.37,88.3 2 0
github.com/StevanoZ/dv-user/dtos/mapping/mapping_response.go:88.8,91.3 2 0
github.com/StevanoZ/dv-user/dtos/mapping/mapping_response.go:93.21,95.3 1 0
github.com/StevanoZ/dv-user/dtos/mapping/mapping_response.go:95.8,97.3 1 0
github.com/StevanoZ/dv-user/dtos/mapping/mapping_response.go:108.71,115.2 1 0
github.com/StevanoZ/dv-user/dtos/mapping/mapping_response.go:117.69,127.2 1 0
github.com/StevanoZ/dv-user/handler/user_handler.go:39.15,44.2 1 2
github.com/StevanoZ/dv-user/handler/user_handler.go:48.3,70.62 18 1
github.com/StevanoZ/dv-user/handler/user_handler.go:70.62,72.3 1 0
github.com/StevanoZ/dv-user/handler/user_handler.go:75.74,81.2 4 0
github.com/StevanoZ/dv-user/handler/user_handler.go:83.73,89.2 4 0
github.com/StevanoZ/dv-user/handler/user_handler.go:91.78,100.2 6 0
github.com/StevanoZ/dv-user/handler/user_handler.go:102.77,108.2 4 0
github.com/StevanoZ/dv-user/handler/user_handler.go:110.77,116.2 4 0
github.com/StevanoZ/dv-user/handler/user_handler.go:118.80,122.16 3 0
github.com/StevanoZ/dv-user/handler/user_handler.go:126.2,131.46 4 0
github.com/StevanoZ/dv-user/handler/user_handler.go:122.16,124.3 1 0
github.com/StevanoZ/dv-user/handler/user_handler.go:134.80,142.2 5 0
github.com/StevanoZ/dv-user/handler/user_handler.go:144.76,163.2 9 0
github.com/StevanoZ/dv-user/handler/user_handler.go:165.75,170.2 3 0
github.com/StevanoZ/dv-user/handler/user_handler.go:172.81,178.2 3 0
github.com/StevanoZ/dv-user/handler/user_handler.go:180.79,189.2 5 0
github.com/StevanoZ/dv-user/main.go:10.13,17.16 5 0
github.com/StevanoZ/dv-user/main.go:21.2,21.13 1 0
github.com/StevanoZ/dv-user/main.go:17.16,19.3 1 0
github.com/StevanoZ/dv-user/db/user/sqlc/db.go:19.28,21.2 1 0
github.com/StevanoZ/dv-user/db/user/sqlc/db.go:27.47,31.2 1 0
github.com/StevanoZ/dv-user/dtos/mapping/mapping_response.go:13.54,24.2 1 0
github.com/StevanoZ/dv-user/dtos/mapping/mapping_response.go:26.72,37.2 1 0
github.com/StevanoZ/dv-user/dtos/mapping/mapping_response.go:39.70,49.2 1 0
github.com/StevanoZ/dv-user/dtos/mapping/mapping_response.go:51.91,56.29 4 0
github.com/StevanoZ/dv-user/dtos/mapping/mapping_response.go:63.2,74.3 1 0
github.com/StevanoZ/dv-user/dtos/mapping/mapping_response.go:56.29,57.40 1 0
github.com/StevanoZ/dv-user/dtos/mapping/mapping_response.go:57.40,60.4 2 0
github.com/StevanoZ/dv-user/dtos/mapping/mapping_response.go:77.79,85.37 5 0
github.com/StevanoZ/dv-user/dtos/mapping/mapping_response.go:93.2,93.21 1 0
github.com/StevanoZ/dv-user/dtos/mapping/mapping_response.go:99.2,104.3 1 0
github.com/StevanoZ/dv-user/dtos/mapping/mapping_response.go:85.37,88.3 2 0
github.com/StevanoZ/dv-user/dtos/mapping/mapping_response.go:88.8,91.3 2 0
github.com/StevanoZ/dv-user/dtos/mapping/mapping_response.go:93.21,95.3 1 0
github.com/StevanoZ/dv-user/dtos/mapping/mapping_response.go:95.8,97.3 1 0
github.com/StevanoZ/dv-user/dtos/mapping/mapping_response.go:108.71,115.2 1 0
github.com/StevanoZ/dv-user/dtos/mapping/mapping_response.go:117.69,127.2 1 0
github.com/StevanoZ/dv-user/main.go:10.13,17.16 5 0
github.com/StevanoZ/dv-user/main.go:21.2,21.13 1 0
github.com/StevanoZ/dv-user/main.go:17.16,19.3 1 0
github.com/StevanoZ/dv-user/db/user/sqlc/db.go:19.28,21.2 1 15
github.com/StevanoZ/dv-user/db/user/sqlc/db.go:27.47,31.2 1 1
github.com/StevanoZ/dv-user/handler/user_handler.go:39.15,44.2 1 0
github.com/StevanoZ/dv-user/handler/user_handler.go:48.3,70.62 18 0
github.com/StevanoZ/dv-user/handler/user_handler.go:70.62,72.3 1 0
github.com/StevanoZ/dv-user/handler/user_handler.go:75.74,81.2 4 0
github.com/StevanoZ/dv-user/handler/user_handler.go:83.73,89.2 4 0
github.com/StevanoZ/dv-user/handler/user_handler.go:91.78,100.2 6 0
github.com/StevanoZ/dv-user/handler/user_handler.go:102.77,108.2 4 0
github.com/StevanoZ/dv-user/handler/user_handler.go:110.77,116.2 4 0
github.com/StevanoZ/dv-user/handler/user_handler.go:118.80,122.16 3 0
github.com/StevanoZ/dv-user/handler/user_handler.go:126.2,131.46 4 0
github.com/StevanoZ/dv-user/handler/user_handler.go:122.16,124.3 1 0
github.com/StevanoZ/dv-user/handler/user_handler.go:134.80,142.2 5 0
github.com/StevanoZ/dv-user/handler/user_handler.go:144.76,163.2 9 0
github.com/StevanoZ/dv-user/handler/user_handler.go:165.75,170.2 3 0
github.com/StevanoZ/dv-user/handler/user_handler.go:172.81,178.2 3 0
github.com/StevanoZ/dv-user/handler/user_handler.go:180.79,189.2 5 0
github.com/StevanoZ/dv-user/db/user/sqlc/user.sql.go:29.87,53.2 4 27
github.com/StevanoZ/dv-user/db/user/sqlc/user.sql.go:69.102,88.2 4 19
github.com/StevanoZ/dv-user/db/user/sqlc/user.sql.go:94.71,97.2 2 1
github.com/StevanoZ/dv-user/db/user/sqlc/user.sql.go:103.76,106.2 2 1
github.com/StevanoZ/dv-user/db/user/sqlc/user.sql.go:112.84,130.2 4 1
github.com/StevanoZ/dv-user/db/user/sqlc/user.sql.go:136.81,154.2 4 3
github.com/StevanoZ/dv-user/db/user/sqlc/user.sql.go:160.91,173.2 4 2
github.com/StevanoZ/dv-user/db/user/sqlc/user.sql.go:179.102,181.16 2 3
github.com/StevanoZ/dv-user/db/user/sqlc/user.sql.go:184.2,186.18 3 2
github.com/StevanoZ/dv-user/db/user/sqlc/user.sql.go:201.2,201.37 1 2
github.com/StevanoZ/dv-user/db/user/sqlc/user.sql.go:204.2,204.35 1 2
github.com/StevanoZ/dv-user/db/user/sqlc/user.sql.go:207.2,207.19 1 2
github.com/StevanoZ/dv-user/db/user/sqlc/user.sql.go:181.16,183.3 1 1
github.com/StevanoZ/dv-user/db/user/sqlc/user.sql.go:186.18,196.17 2 4
github.com/StevanoZ/dv-user/db/user/sqlc/user.sql.go:199.3,199.27 1 4
github.com/StevanoZ/dv-user/db/user/sqlc/user.sql.go:196.17,198.4 1 0
github.com/StevanoZ/dv-user/db/user/sqlc/user.sql.go:201.37,203.3 1 0
github.com/StevanoZ/dv-user/db/user/sqlc/user.sql.go:204.35,206.3 1 0
github.com/StevanoZ/dv-user/db/user/sqlc/user.sql.go:232.104,251.2 4 1
github.com/StevanoZ/dv-user/db/user/sqlc/user.sql.go:285.87,294.16 2 6
github.com/StevanoZ/dv-user/db/user/sqlc/user.sql.go:297.2,299.18 3 5
github.com/StevanoZ/dv-user/db/user/sqlc/user.sql.go:319.2,319.37 1 5
github.com/StevanoZ/dv-user/db/user/sqlc/user.sql.go:322.2,322.35 1 5
github.com/StevanoZ/dv-user/db/user/sqlc/user.sql.go:325.2,325.19 1 5
github.com/StevanoZ/dv-user/db/user/sqlc/user.sql.go:294.16,296.3 1 1
github.com/StevanoZ/dv-user/db/user/sqlc/user.sql.go:299.18,314.17 2 24
github.com/StevanoZ/dv-user/db/user/sqlc/user.sql.go:317.3,317.27 1 24
github.com/StevanoZ/dv-user/db/user/sqlc/user.sql.go:314.17,316.4 1 0
github.com/StevanoZ/dv-user/db/user/sqlc/user.sql.go:319.37,321.3 1 0
github.com/StevanoZ/dv-user/db/user/sqlc/user.sql.go:322.35,324.3 1 0
github.com/StevanoZ/dv-user/db/user/sqlc/user.sql.go:348.114,353.2 4 2
github.com/StevanoZ/dv-user/db/user/sqlc/user.sql.go:371.87,397.2 4 5
github.com/StevanoZ/dv-user/db/user/sqlc/user.sql.go:408.102,421.2 4 1
github.com/StevanoZ/dv-user/db/user/sqlc/user.sql.go:434.105,452.2 4 1
github.com/StevanoZ/dv-user/db/user/sqlc/user_repository.go:35.39,40.2 1 14
github.com/StevanoZ/dv-user/db/user/sqlc/user_repository.go:42.51,46.2 1 1
github.com/StevanoZ/dv-user/db/user/sqlc/user_repository.go:48.40,50.2 1 1
github.com/StevanoZ/dv-user/service/user_service.go:59.11,68.2 1 0
github.com/StevanoZ/dv-user/service/user_service.go:70.94,72.75 2 0
github.com/StevanoZ/dv-user/service/user_service.go:115.2,117.17 2 0
github.com/StevanoZ/dv-user/service/user_service.go:72.75,76.41 3 0
github.com/StevanoZ/dv-user/service/user_service.go:80.3,80.23 1 0
github.com/StevanoZ/dv-user/service/user_service.go:83.3,85.17 2 0
github.com/StevanoZ/dv-user/service/user_service.go:88.3,94.17 7 0
github.com/StevanoZ/dv-user/service/user_service.go:98.3,100.13 2 0
github.com/StevanoZ/dv-user/service/user_service.go:107.3,107.13 1 0
github.com/StevanoZ/dv-user/service/user_service.go:112.3,112.13 1 0
github.com/StevanoZ/dv-user/service/user_service.go:76.41,78.4 1 0
github.com/StevanoZ/dv-user/service/user_service.go:80.23,82.4 1 0
github.com/StevanoZ/dv-user/service/user_service.go:85.17,87.4 1 0
github.com/StevanoZ/dv-user/service/user_service.go:94.17,96.4 1 0
github.com/StevanoZ/dv-user/service/user_service.go:100.13,105.4 1 0
github.com/StevanoZ/dv-user/service/user_service.go:107.13,110.4 2 0
github.com/StevanoZ/dv-user/service/user_service.go:120.101,122.75 2 0
github.com/StevanoZ/dv-user/service/user_service.go:175.2,177.26 2 0
github.com/StevanoZ/dv-user/service/user_service.go:122.75,133.17 8 0
github.com/StevanoZ/dv-user/service/user_service.go:137.3,137.34 1 0
github.com/StevanoZ/dv-user/service/user_service.go:140.3,142.17 2 0
github.com/StevanoZ/dv-user/service/user_service.go:146.3,146.23 1 0
github.com/StevanoZ/dv-user/service/user_service.go:156.3,156.23 1 0
github.com/StevanoZ/dv-user/service/user_service.go:164.3,164.36 1 0
github.com/StevanoZ/dv-user/service/user_service.go:168.3,172.13 4 0
github.com/StevanoZ/dv-user/service/user_service.go:133.17,135.4 1 0
github.com/StevanoZ/dv-user/service/user_service.go:137.34,139.4 1 0
github.com/StevanoZ/dv-user/service/user_service.go:142.17,144.4 1 0
github.com/StevanoZ/dv-user/service/user_service.go:146.23,154.4 2 0
github.com/StevanoZ/dv-user/service/user_service.go:156.23,157.32 1 0
github.com/StevanoZ/dv-user/service/user_service.go:161.4,161.14 1 0
github.com/StevanoZ/dv-user/service/user_service.go:157.32,160.5 2 0
github.com/StevanoZ/dv-user/service/user_service.go:164.36,166.4 1 0
github.com/StevanoZ/dv-user/service/user_service.go:180.120,183.75 2 0
github.com/StevanoZ/dv-user/service/user_service.go:210.2,212.12 2 0
github.com/StevanoZ/dv-user/service/user_service.go:218.2,218.17 1 0
github.com/StevanoZ/dv-user/service/user_service.go:183.75,188.17 3 0
github.com/StevanoZ/dv-user/service/user_service.go:192.3,202.17 2 0
github.com/StevanoZ/dv-user/service/user_service.go:206.3,207.13 2 0
github.com/StevanoZ/dv-user/service/user_service.go:188.17,190.4 1 0
github.com/StevanoZ/dv-user/service/user_service.go:202.17,204.4 1 0
github.com/StevanoZ/dv-user/service/user_service.go:212.12,216.3 3 0
github.com/StevanoZ/dv-user/service/user_service.go:220.109,222.75 2 0
github.com/StevanoZ/dv-user/service/user_service.go:287.2,289.12 2 0
github.com/StevanoZ/dv-user/service/user_service.go:294.2,294.26 1 0
github.com/StevanoZ/dv-user/service/user_service.go:222.75,228.17 3 0
github.com/StevanoZ/dv-user/service/user_service.go:232.3,232.30 1 0
github.com/StevanoZ/dv-user/service/user_service.go:236.3,236.28 1 0
github.com/StevanoZ/dv-user/service/user_service.go:240.3,242.37 2 0
github.com/StevanoZ/dv-user/service/user_service.go:246.3,248.17 2 0
github.com/StevanoZ/dv-user/service/user_service.go:252.3,252.37 1 0
github.com/StevanoZ/dv-user/service/user_service.go:261.3,268.17 6 0
github.com/StevanoZ/dv-user/service/user_service.go:272.3,280.17 3 0
github.com/StevanoZ/dv-user/service/user_service.go:283.3,284.13 2 0
github.com/StevanoZ/dv-user/service/user_service.go:228.17,230.4 1 0
github.com/StevanoZ/dv-user/service/user_service.go:232.30,234.4 1 0
github.com/StevanoZ/dv-user/service/user_service.go:236.28,238.4 1 0
github.com/StevanoZ/dv-user/service/user_service.go:242.37,244.4 1 0
github.com/StevanoZ/dv-user/service/user_service.go:248.17,250.4 1 0
github.com/StevanoZ/dv-user/service/user_service.go:252.37,256.18 4 0
github.com/StevanoZ/dv-user/service/user_service.go:259.4,259.58 1 0
github.com/StevanoZ/dv-user/service/user_service.go:256.18,258.5 1 0
github.com/StevanoZ/dv-user/service/user_service.go:268.17,270.4 1 0
github.com/StevanoZ/dv-user/service/user_service.go:280.17,282.4 1 0
github.com/StevanoZ/dv-user/service/user_service.go:289.12,292.3 2 0
github.com/StevanoZ/dv-user/service/user_service.go:297.82,298.75 1 0
github.com/StevanoZ/dv-user/service/user_service.go:342.2,342.30 1 0
github.com/StevanoZ/dv-user/service/user_service.go:298.75,304.17 3 0
github.com/StevanoZ/dv-user/service/user_service.go:308.3,308.30 1 0
github.com/StevanoZ/dv-user/service/user_service.go:312.3,312.28 1 0
github.com/StevanoZ/dv-user/service/user_service.go:316.3,328.17 3 0
github.com/StevanoZ/dv-user/service/user_service.go:332.3,332.13 1 0
github.com/StevanoZ/dv-user/service/user_service.go:339.3,339.13 1 0
github.com/StevanoZ/dv-user/service/user_service.go:304.17,306.4 1 0
github.com/StevanoZ/dv-user/service/user_service.go:308.30,310.4 1 0
github.com/StevanoZ/dv-user/service/user_service.go:312.28,314.4 1 0
github.com/StevanoZ/dv-user/service/user_service.go:328.17,330.4 1 0
github.com/StevanoZ/dv-user/service/user_service.go:332.13,337.4 1 0
github.com/StevanoZ/dv-user/service/user_service.go:346.131,349.75 2 0
github.com/StevanoZ/dv-user/service/user_service.go:407.2,409.12 2 0
github.com/StevanoZ/dv-user/service/user_service.go:466.2,466.12 1 0
github.com/StevanoZ/dv-user/service/user_service.go:472.2,472.23 1 0
github.com/StevanoZ/dv-user/service/user_service.go:349.75,354.22 4 0
github.com/StevanoZ/dv-user/service/user_service.go:358.3,358.24 1 0
github.com/StevanoZ/dv-user/service/user_service.go:401.3,401.36 1 0
github.com/StevanoZ/dv-user/service/user_service.go:404.3,404.13 1 0
github.com/StevanoZ/dv-user/service/user_service.go:354.22,356.4 1 0
github.com/StevanoZ/dv-user/service/user_service.go:358.24,363.18 4 0
github.com/StevanoZ/dv-user/service/user_service.go:367.4,367.24 1 0
github.com/StevanoZ/dv-user/service/user_service.go:363.18,365.5 1 0
github.com/StevanoZ/dv-user/service/user_service.go:367.24,375.19 6 0
github.com/StevanoZ/dv-user/service/user_service.go:379.5,391.19 5 0
github.com/StevanoZ/dv-user/service/user_service.go:395.5,397.15 2 0
github.com/StevanoZ/dv-user/service/user_service.go:375.19,377.6 1 0
github.com/StevanoZ/dv-user/service/user_service.go:391.19,393.6 1 0
github.com/StevanoZ/dv-user/service/user_service.go:401.36,403.4 1 0
github.com/StevanoZ/dv-user/service/user_service.go:409.12,412.69 3 0
github.com/StevanoZ/dv-user/service/user_service.go:412.69,415.18 3 0
github.com/StevanoZ/dv-user/service/user_service.go:419.4,426.34 6 0
github.com/StevanoZ/dv-user/service/user_service.go:433.4,433.21 1 0
github.com/StevanoZ/dv-user/service/user_service.go:456.4,456.37 1 0
github.com/StevanoZ/dv-user/service/user_service.go:461.4,461.14 1 0
github.com/StevanoZ/dv-user/service/user_service.go:415.18,417.5 1 0
github.com/StevanoZ/dv-user/service/user_service.go:426.34,427.18 1 0
github.com/StevanoZ/dv-user/service/user_service.go:427.18,429.11 2 0
github.com/StevanoZ/dv-user/service/user_service.go:433.21,440.25 4 0
github.com/StevanoZ/dv-user/service/user_service.go:444.5,444.25 1 0
github.com/StevanoZ/dv-user/service/user_service.go:440.25,443.6 2 0
github.com/StevanoZ/dv-user/service/user_service.go:444.25,453.6 3 0
github.com/StevanoZ/dv-user/service/user_service.go:456.37,458.5 1 0
github.com/StevanoZ/dv-user/service/user_service.go:458.10,458.33 1 0
github.com/StevanoZ/dv-user/service/user_service.go:458.33,460.5 1 0
github.com/StevanoZ/dv-user/service/user_service.go:466.12,470.3 3 0
github.com/StevanoZ/dv-user/service/user_service.go:475.101,479.127 3 0
github.com/StevanoZ/dv-user/service/user_service.go:508.2,511.23 3 0
github.com/StevanoZ/dv-user/service/user_service.go:479.127,482.17 2 0
github.com/StevanoZ/dv-user/service/user_service.go:486.3,487.29 2 0
github.com/StevanoZ/dv-user/service/user_service.go:501.3,501.36 1 0
github.com/StevanoZ/dv-user/service/user_service.go:505.3,505.24 1 0
github.com/StevanoZ/dv-user/service/user_service.go:482.17,484.4 1 0
github.com/StevanoZ/dv-user/service/user_service.go:487.29,489.24 2 0
github.com/StevanoZ/dv-user/service/user_service.go:489.24,491.19 2 0
github.com/StevanoZ/dv-user/service/user_service.go:494.5,497.15 4 0
github.com/StevanoZ/dv-user/service/user_service.go:491.19,493.6 1 0
github.com/StevanoZ/dv-user/service/user_service.go:501.36,503.4 1 0
github.com/StevanoZ/dv-user/service/user_service.go:514.117,517.75 2 0
github.com/StevanoZ/dv-user/service/user_service.go:589.2,591.12 2 0
github.com/StevanoZ/dv-user/service/user_service.go:597.2,597.22 1 0
github.com/StevanoZ/dv-user/service/user_service.go:517.75,524.17 4 0
github.com/StevanoZ/dv-user/service/user_service.go:528.3,536.34 6 0
github.com/StevanoZ/dv-user/service/user_service.go:550.3,550.28 1 0
github.com/StevanoZ/dv-user/service/user_service.go:554.3,554.23 1 0
github.com/StevanoZ/dv-user/service/user_service.go:575.3,575.23 1 0
github.com/StevanoZ/dv-user/service/user_service.go:583.3,583.36 1 0
github.com/StevanoZ/dv-user/service/user_service.go:586.3,586.13 1 0
github.com/StevanoZ/dv-user/service/user_service.go:524.17,526.4 1 0
github.com/StevanoZ/dv-user/service/user_service.go:536.34,537.39 1 0
github.com/StevanoZ/dv-user/service/user_service.go:541.4,541.39 1 0
github.com/StevanoZ/dv-user/service/user_service.go:545.4,545.25 1 0
github.com/StevanoZ/dv-user/service/user_service.go:537.39,539.5 1 0
github.com/StevanoZ/dv-user/service/user_service.go:541.39,543.5 1 0
github.com/StevanoZ/dv-user/service/user_service.go:545.25,548.5 2 0
github.com/StevanoZ/dv-user/service/user_service.go:550.28,552.4 1 0
github.com/StevanoZ/dv-user/service/user_service.go:554.23,560.18 2 0
github.com/StevanoZ/dv-user/service/user_service.go:563.4,572.14 4 0
github.com/StevanoZ/dv-user/service/user_service.go:560.18,562.5 1 0
github.com/StevanoZ/dv-user/service/user_service.go:575.23,581.4 2 0
github.com/StevanoZ/dv-user/service/user_service.go:583.36,585.4 1 0
github.com/StevanoZ/dv-user/service/user_service.go:591.12,595.3 3 0
github.com/StevanoZ/dv-user/service/user_service.go:600.93,602.75 1 0
github.com/StevanoZ/dv-user/service/user_service.go:634.2,636.12 2 0
github.com/StevanoZ/dv-user/service/user_service.go:602.75,608.17 4 0
github.com/StevanoZ/dv-user/service/user_service.go:612.3,612.29 1 0
github.com/StevanoZ/dv-user/service/user_service.go:616.3,616.19 1 0
github.com/StevanoZ/dv-user/service/user_service.go:620.3,620.23 1 0
github.com/StevanoZ/dv-user/service/user_service.go:624.3,624.23 1 0
github.com/StevanoZ/dv-user/service/user_service.go:628.3,628.36 1 0
github.com/StevanoZ/dv-user/service/user_service.go:631.3,631.13 1 0
github.com/StevanoZ/dv-user/service/user_service.go:608.17,610.4 1 0
github.com/StevanoZ/dv-user/service/user_service.go:612.29,614.4 1 0
github.com/StevanoZ/dv-user/service/user_service.go:616.19,618.4 1 0
github.com/StevanoZ/dv-user/service/user_service.go:620.23,622.4 1 0
github.com/StevanoZ/dv-user/service/user_service.go:624.23,626.4 1 0
github.com/StevanoZ/dv-user/service/user_service.go:628.36,630.4 1 0
github.com/StevanoZ/dv-user/service/user_service.go:636.12,640.3 3 0
github.com/StevanoZ/dv-user/service/user_service.go:643.115,661.119 9 0
github.com/StevanoZ/dv-user/service/user_service.go:709.2,712.28 3 0
github.com/StevanoZ/dv-user/service/user_service.go:661.119,662.24 1 0
github.com/StevanoZ/dv-user/service/user_service.go:667.3,667.24 1 0
github.com/StevanoZ/dv-user/service/user_service.go:676.3,676.37 1 0
github.com/StevanoZ/dv-user/service/user_service.go:680.3,681.24 2 0
github.com/StevanoZ/dv-user/service/user_service.go:699.3,699.37 1 0
github.com/StevanoZ/dv-user/service/user_service.go:703.3,706.29 3 0
github.com/StevanoZ/dv-user/service/user_service.go:662.24,665.4 2 0
github.com/StevanoZ/dv-user/service/user_service.go:667.24,674.4 2 0
github.com/StevanoZ/dv-user/service/user_service.go:676.37,678.4 1 0
github.com/StevanoZ/dv-user/service/user_service.go:681.24,684.25 2 0
github.com/StevanoZ/dv-user/service/user_service.go:684.25,685.41 1 0
github.com/StevanoZ/dv-user/service/user_service.go:692.5,695.15 3 0
github.com/StevanoZ/dv-user/service/user_service.go:685.41,687.20 2 0
github.com/StevanoZ/dv-user/service/user_service.go:690.6,690.46 1 0
github.com/StevanoZ/dv-user/service/user_service.go:687.20,689.7 1 0
github.com/StevanoZ/dv-user/service/user_service.go:699.37,701.4 1 0
github.com/StevanoZ/dv-user/service/user_service.go:715.98,718.121 3 0
github.com/StevanoZ/dv-user/service/user_service.go:758.2,761.27 3 0
github.com/StevanoZ/dv-user/service/user_service.go:718.121,722.17 2 0
github.com/StevanoZ/dv-user/service/user_service.go:726.3,728.44 2 0
github.com/StevanoZ/dv-user/service/user_service.go:751.3,751.36 1 0
github.com/StevanoZ/dv-user/service/user_service.go:755.3,755.28 1 0
github.com/StevanoZ/dv-user/service/user_service.go:722.17,724.4 1 0
github.com/StevanoZ/dv-user/service/user_service.go:728.44,732.24 3 0
github.com/StevanoZ/dv-user/service/user_service.go:732.24,734.19 1 0
github.com/StevanoZ/dv-user/service/user_service.go:747.5,747.15 1 0
github.com/StevanoZ/dv-user/service/user_service.go:734.19,736.20 2 0
github.com/StevanoZ/dv-user/service/user_service.go:739.6,741.49 2 0
github.com/StevanoZ/dv-user/service/user_service.go:736.20,738.7 1 0
github.com/StevanoZ/dv-user/service/user_service.go:741.49,743.7 1 0
github.com/StevanoZ/dv-user/service/user_service.go:751.36,753.4 1 0
github.com/StevanoZ/dv-user/app/server.go:30.10,36.2 1 0
github.com/StevanoZ/dv-user/app/server.go:38.30,49.2 7 0
github.com/StevanoZ/dv-user/db/user/sqlc/db.go:19.28,21.2 1 0
github.com/StevanoZ/dv-user/db/user/sqlc/db.go:27.47,31.2 1 0
github.com/StevanoZ/dv-user/db/user/sqlc/user_repository.go:35.39,40.2 1 0
github.com/StevanoZ/dv-user/db/user/sqlc/user_repository.go:42.51,46.2 1 0
github.com/StevanoZ/dv-user/db/user/sqlc/user_repository.go:48.40,50.2 1 0
github.com/StevanoZ/dv-user/main.go:10.13,17.16 5 0
github.com/StevanoZ/dv-user/main.go:21.2,21.13 1 0
github.com/StevanoZ/dv-user/main.go:17.16,19.3 1 0
github.com/StevanoZ/dv-user/db/user/sqlc/user.sql.go:29.87,53.2 4 0
github.com/StevanoZ/dv-user/db/user/sqlc/user.sql.go:69.102,88.2 4 0
github.com/StevanoZ/dv-user/db/user/sqlc/user.sql.go:94.71,97.2 2 0
github.com/StevanoZ/dv-user/db/user/sqlc/user.sql.go:103.76,106.2 2 0
github.com/StevanoZ/dv-user/db/user/sqlc/user.sql.go:112.84,130.2 4 0
github.com/StevanoZ/dv-user/db/user/sqlc/user.sql.go:136.81,154.2 4 0
github.com/StevanoZ/dv-user/db/user/sqlc/user.sql.go:160.91,173.2 4 0
github.com/StevanoZ/dv-user/db/user/sqlc/user.sql.go:179.102,181.16 2 0
github.com/StevanoZ/dv-user/db/user/sqlc/user.sql.go:184.2,186.18 3 0
github.com/StevanoZ/dv-user/db/user/sqlc/user.sql.go:201.2,201.37 1 0
github.com/StevanoZ/dv-user/db/user/sqlc/user.sql.go:204.2,204.35 1 0
github.com/StevanoZ/dv-user/db/user/sqlc/user.sql.go:207.2,207.19 1 0
github.com/StevanoZ/dv-user/db/user/sqlc/user.sql.go:181.16,183.3 1 0
github.com/StevanoZ/dv-user/db/user/sqlc/user.sql.go:186.18,196.17 2 0
github.com/StevanoZ/dv-user/db/user/sqlc/user.sql.go:199.3,199.27 1 0
github.com/StevanoZ/dv-user/db/user/sqlc/user.sql.go:196.17,198.4 1 0
github.com/StevanoZ/dv-user/db/user/sqlc/user.sql.go:201.37,203.3 1 0
github.com/StevanoZ/dv-user/db/user/sqlc/user.sql.go:204.35,206.3 1 0
github.com/StevanoZ/dv-user/db/user/sqlc/user.sql.go:232.104,251.2 4 0
github.com/StevanoZ/dv-user/db/user/sqlc/user.sql.go:285.87,294.16 2 0
github.com/StevanoZ/dv-user/db/user/sqlc/user.sql.go:297.2,299.18 3 0
github.com/StevanoZ/dv-user/db/user/sqlc/user.sql.go:319.2,319.37 1 0
github.com/StevanoZ/dv-user/db/user/sqlc/user.sql.go:322.2,322.35 1 0
github.com/StevanoZ/dv-user/db/user/sqlc/user.sql.go:325.2,325.19 1 0
github.com/StevanoZ/dv-user/db/user/sqlc/user.sql.go:294.16,296.3 1 0
github.com/StevanoZ/dv-user/db/user/sqlc/user.sql.go:299.18,314.17 2 0
github.com/StevanoZ/dv-user/db/user/sqlc/user.sql.go:317.3,317.27 1 0
github.com/StevanoZ/dv-user/db/user/sqlc/user.sql.go:314.17,316.4 1 0
github.com/StevanoZ/dv-user/db/user/sqlc/user.sql.go:319.37,321.3 1 0
github.com/StevanoZ/dv-user/db/user/sqlc/user.sql.go:322.35,324.3 1 0
github.com/StevanoZ/dv-user/db/user/sqlc/user.sql.go:348.114,353.2 4 0
github.com/StevanoZ/dv-user/db/user/sqlc/user.sql.go:371.87,397.2 4 0
github.com/StevanoZ/dv-user/db/user/sqlc/user.sql.go:408.102,421.2 4 0
github.com/StevanoZ/dv-user/db/user/sqlc/user.sql.go:434.105,452.2 4 0
github.com/StevanoZ/dv-user/app/server.go:30.10,36.2 1 0
github.com/StevanoZ/dv-user/app/server.go:38.30,49.2 7 0
github.com/StevanoZ/dv-user/service/user_service.go:59.11,68.2 1 11
github.com/StevanoZ/dv-user/service/user_service.go:70.94,72.75 2 4
github.com/StevanoZ/dv-user/service/user_service.go:115.2,117.17 2 4
github.com/StevanoZ/dv-user/service/user_service.go:72.75,76.41 3 4
github.com/StevanoZ/dv-user/service/user_service.go:80.3,80.23 1 3
github.com/StevanoZ/dv-user/service/user_service.go:83.3,85.17 2 2
github.com/StevanoZ/dv-user/service/user_service.go:88.3,94.17 7 2
github.com/StevanoZ/dv-user/service/user_service.go:98.3,100.13 2 1
github.com/StevanoZ/dv-user/service/user_service.go:107.3,107.13 1 1
github.com/StevanoZ/dv-user/service/user_service.go:112.3,112.13 1 1
github.com/StevanoZ/dv-user/service/user_service.go:76.41,78.4 1 1
github.com/StevanoZ/dv-user/service/user_service.go:80.23,82.4 1 1
github.com/StevanoZ/dv-user/service/user_service.go:85.17,87.4 1 0
github.com/StevanoZ/dv-user/service/user_service.go:94.17,96.4 1 1
github.com/StevanoZ/dv-user/service/user_service.go:100.13,105.4 1 1
github.com/StevanoZ/dv-user/service/user_service.go:107.13,110.4 2 1
github.com/StevanoZ/dv-user/service/user_service.go:120.101,122.75 2 6
github.com/StevanoZ/dv-user/service/user_service.go:175.2,177.26 2 6
github.com/StevanoZ/dv-user/service/user_service.go:122.75,133.17 8 6
github.com/StevanoZ/dv-user/service/user_service.go:137.3,137.34 1 5
github.com/StevanoZ/dv-user/service/user_service.go:140.3,142.17 2 4
github.com/StevanoZ/dv-user/service/user_service.go:146.3,146.23 1 3
github.com/StevanoZ/dv-user/service/user_service.go:156.3,156.23 1 3
github.com/StevanoZ/dv-user/service/user_service.go:164.3,164.36 1 3
github.com/StevanoZ/dv-user/service/user_service.go:168.3,172.13 4 2
github.com/StevanoZ/dv-user/service/user_service.go:133.17,135.4 1 1
github.com/StevanoZ/dv-user/service/user_service.go:137.34,139.4 1 1
github.com/StevanoZ/dv-user/service/user_service.go:142.17,144.4 1 1
github.com/StevanoZ/dv-user/service/user_service.go:146.23,154.4 2 3
github.com/StevanoZ/dv-user/service/user_service.go:156.23,157.32 1 3
github.com/StevanoZ/dv-user/service/user_service.go:161.4,161.14 1 1
github.com/StevanoZ/dv-user/service/user_service.go:157.32,160.5 2 2
github.com/StevanoZ/dv-user/service/user_service.go:164.36,166.4 1 1
github.com/StevanoZ/dv-user/service/user_service.go:180.120,183.75 2 3
github.com/StevanoZ/dv-user/service/user_service.go:210.2,212.12 2 3
github.com/StevanoZ/dv-user/service/user_service.go:218.2,218.17 1 1
github.com/StevanoZ/dv-user/service/user_service.go:183.75,188.17 3 3
github.com/StevanoZ/dv-user/service/user_service.go:192.3,202.17 2 2
github.com/StevanoZ/dv-user/service/user_service.go:206.3,207.13 2 1
github.com/StevanoZ/dv-user/service/user_service.go:188.17,190.4 1 1
github.com/StevanoZ/dv-user/service/user_service.go:202.17,204.4 1 1
github.com/StevanoZ/dv-user/service/user_service.go:212.12,216.3 3 1
github.com/StevanoZ/dv-user/service/user_service.go:220.109,222.75 2 9
github.com/StevanoZ/dv-user/service/user_service.go:287.2,289.12 2 9
github.com/StevanoZ/dv-user/service/user_service.go:294.2,294.26 1 1
github.com/StevanoZ/dv-user/service/user_service.go:222.75,228.17 3 9
github.com/StevanoZ/dv-user/service/user_service.go:232.3,232.30 1 8
github.com/StevanoZ/dv-user/service/user_service.go:236.3,236.28 1 7
github.com/StevanoZ/dv-user/service/user_service.go:240.3,242.37 2 6
github.com/StevanoZ/dv-user/service/user_service.go:246.3,248.17 2 5
github.com/StevanoZ/dv-user/service/user_service.go:252.3,252.37 1 4
github.com/StevanoZ/dv-user/service/user_service.go:261.3,268.17 6 2
github.com/StevanoZ/dv-user/service/user_service.go:272.3,280.17 3 1
github.com/StevanoZ/dv-user/service/user_service.go:283.3,284.13 2 1
github.com/StevanoZ/dv-user/service/user_service.go:228.17,230.4 1 1
github.com/StevanoZ/dv-user/service/user_service.go:232.30,234.4 1 1
github.com/StevanoZ/dv-user/service/user_service.go:236.28,238.4 1 1
github.com/StevanoZ/dv-user/service/user_service.go:242.37,244.4 1 1
github.com/StevanoZ/dv-user/service/user_service.go:248.17,250.4 1 1
github.com/StevanoZ/dv-user/service/user_service.go:252.37,256.18 4 2
github.com/StevanoZ/dv-user/service/user_service.go:259.4,259.58 1 1
github.com/StevanoZ/dv-user/service/user_service.go:256.18,258.5 1 1
github.com/StevanoZ/dv-user/service/user_service.go:268.17,270.4 1 1
github.com/StevanoZ/dv-user/service/user_service.go:280.17,282.4 1 0
github.com/StevanoZ/dv-user/service/user_service.go:289.12,292.3 2 1
github.com/StevanoZ/dv-user/service/user_service.go:297.82,298.75 1 5
github.com/StevanoZ/dv-user/service/user_service.go:342.2,342.30 1 5
github.com/StevanoZ/dv-user/service/user_service.go:298.75,304.17 3 5
github.com/StevanoZ/dv-user/service/user_service.go:308.3,308.30 1 4
github.com/StevanoZ/dv-user/service/user_service.go:312.3,312.28 1 3
github.com/StevanoZ/dv-user/service/user_service.go:316.3,328.17 3 2
github.com/StevanoZ/dv-user/service/user_service.go:332.3,332.13 1 1
github.com/StevanoZ/dv-user/service/user_service.go:339.3,339.13 1 1
github.com/StevanoZ/dv-user/service/user_service.go:304.17,306.4 1 1
github.com/StevanoZ/dv-user/service/user_service.go:308.30,310.4 1 1
github.com/StevanoZ/dv-user/service/user_service.go:312.28,314.4 1 1
github.com/StevanoZ/dv-user/service/user_service.go:328.17,330.4 1 1
github.com/StevanoZ/dv-user/service/user_service.go:332.13,337.4 1 1
github.com/StevanoZ/dv-user/service/user_service.go:346.131,349.75 2 8
github.com/StevanoZ/dv-user/service/user_service.go:407.2,409.12 2 8
github.com/StevanoZ/dv-user/service/user_service.go:466.2,466.12 1 4
github.com/StevanoZ/dv-user/service/user_service.go:472.2,472.23 1 4
github.com/StevanoZ/dv-user/service/user_service.go:349.75,354.22 4 8
github.com/StevanoZ/dv-user/service/user_service.go:358.3,358.24 1 7
github.com/StevanoZ/dv-user/service/user_service.go:401.3,401.36 1 6
github.com/StevanoZ/dv-user/service/user_service.go:404.3,404.13 1 4
github.com/StevanoZ/dv-user/service/user_service.go:354.22,356.4 1 1
github.com/StevanoZ/dv-user/service/user_service.go:358.24,363.18 4 19
github.com/StevanoZ/dv-user/service/user_service.go:367.4,367.24 1 18
github.com/StevanoZ/dv-user/service/user_service.go:363.18,365.5 1 1
github.com/StevanoZ/dv-user/service/user_service.go:367.24,375.19 6 18
github.com/StevanoZ/dv-user/service/user_service.go:379.5,391.19 5 15
github.com/StevanoZ/dv-user/service/user_service.go:395.5,397.15 2 12
github.com/StevanoZ/dv-user/service/user_service.go:375.19,377.6 1 3
github.com/StevanoZ/dv-user/service/user_service.go:391.19,393.6 1 3
github.com/StevanoZ/dv-user/service/user_service.go:401.36,403.4 1 2
github.com/StevanoZ/dv-user/service/user_service.go:409.12,412.69 3 4
github.com/StevanoZ/dv-user/service/user_service.go:412.69,415.18 3 4
github.com/StevanoZ/dv-user/service/user_service.go:419.4,426.34 6 3
github.com/StevanoZ/dv-user/service/user_service.go:433.4,433.21 1 3
github.com/StevanoZ/dv-user/service/user_service.go:456.4,456.37 1 3
github.com/StevanoZ/dv-user/service/user_service.go:461.4,461.14 1 2
github.com/StevanoZ/dv-user/service/user_service.go:415.18,417.5 1 1
github.com/StevanoZ/dv-user/service/user_service.go:426.34,427.18 1 9
github.com/StevanoZ/dv-user/service/user_service.go:427.18,429.11 2 1
github.com/StevanoZ/dv-user/service/user_service.go:433.21,440.25 4 2
github.com/StevanoZ/dv-user/service/user_service.go:444.5,444.25 1 2
github.com/StevanoZ/dv-user/service/user_service.go:440.25,443.6 2 2
github.com/StevanoZ/dv-user/service/user_service.go:444.25,453.6 3 2
github.com/StevanoZ/dv-user/service/user_service.go:456.37,458.5 1 1
github.com/StevanoZ/dv-user/service/user_service.go:458.10,458.33 1 2
github.com/StevanoZ/dv-user/service/user_service.go:458.33,460.5 1 1
github.com/StevanoZ/dv-user/service/user_service.go:466.12,470.3 3 4
github.com/StevanoZ/dv-user/service/user_service.go:475.101,479.127 3 4
github.com/StevanoZ/dv-user/service/user_service.go:508.2,511.23 3 4
github.com/StevanoZ/dv-user/service/user_service.go:479.127,482.17 2 3
github.com/StevanoZ/dv-user/service/user_service.go:486.3,487.29 2 2
github.com/StevanoZ/dv-user/service/user_service.go:501.3,501.36 1 2
github.com/StevanoZ/dv-user/service/user_service.go:505.3,505.24 1 1
github.com/StevanoZ/dv-user/service/user_service.go:482.17,484.4 1 1
github.com/StevanoZ/dv-user/service/user_service.go:487.29,489.24 2 14
github.com/StevanoZ/dv-user/service/user_service.go:489.24,491.19 2 14
github.com/StevanoZ/dv-user/service/user_service.go:494.5,497.15 4 7
github.com/StevanoZ/dv-user/service/user_service.go:491.19,493.6 1 7
github.com/StevanoZ/dv-user/service/user_service.go:501.36,503.4 1 1
github.com/StevanoZ/dv-user/service/user_service.go:514.117,517.75 2 6
github.com/StevanoZ/dv-user/service/user_service.go:589.2,591.12 2 6
github.com/StevanoZ/dv-user/service/user_service.go:597.2,597.22 1 1
github.com/StevanoZ/dv-user/service/user_service.go:517.75,524.17 4 6
github.com/StevanoZ/dv-user/service/user_service.go:528.3,536.34 6 5
github.com/StevanoZ/dv-user/service/user_service.go:550.3,550.28 1 4
github.com/StevanoZ/dv-user/service/user_service.go:554.3,554.23 1 3
github.com/StevanoZ/dv-user/service/user_service.go:575.3,575.23 1 3
github.com/StevanoZ/dv-user/service/user_service.go:583.3,583.36 1 3
github.com/StevanoZ/dv-user/service/user_service.go:586.3,586.13 1 1
github.com/StevanoZ/dv-user/service/user_service.go:524.17,526.4 1 1
github.com/StevanoZ/dv-user/service/user_service.go:536.34,537.39 1 17
github.com/StevanoZ/dv-user/service/user_service.go:541.4,541.39 1 16
github.com/StevanoZ/dv-user/service/user_service.go:545.4,545.25 1 16
github.com/StevanoZ/dv-user/service/user_service.go:537.39,539.5 1 1
github.com/StevanoZ/dv-user/service/user_service.go:541.39,543.5 1 4
github.com/StevanoZ/dv-user/service/user_service.go:545.25,548.5 2 3
github.com/StevanoZ/dv-user/service/user_service.go:550.28,552.4 1 1
github.com/StevanoZ/dv-user/service/user_service.go:554.23,560.18 2 3
github.com/StevanoZ/dv-user/service/user_service.go:563.4,572.14 4 2
github.com/StevanoZ/dv-user/service/user_service.go:560.18,562.5 1 1
github.com/StevanoZ/dv-user/service/user_service.go:575.23,581.4 2 3
github.com/StevanoZ/dv-user/service/user_service.go:583.36,585.4 1 2
github.com/StevanoZ/dv-user/service/user_service.go:591.12,595.3 3 1
github.com/StevanoZ/dv-user/service/user_service.go:600.93,602.75 1 5
github.com/StevanoZ/dv-user/service/user_service.go:634.2,636.12 2 2
github.com/StevanoZ/dv-user/service/user_service.go:602.75,608.17 4 5
github.com/StevanoZ/dv-user/service/user_service.go:612.3,612.29 1 4
github.com/StevanoZ/dv-user/service/user_service.go:616.3,616.19 1 3
github.com/StevanoZ/dv-user/service/user_service.go:620.3,620.23 1 2
github.com/StevanoZ/dv-user/service/user_service.go:624.3,624.23 1 2
github.com/StevanoZ/dv-user/service/user_service.go:628.3,628.36 1 2
github.com/StevanoZ/dv-user/service/user_service.go:631.3,631.13 1 1
github.com/StevanoZ/dv-user/service/user_service.go:608.17,610.4 1 1
github.com/StevanoZ/dv-user/service/user_service.go:612.29,614.4 1 1
github.com/StevanoZ/dv-user/service/user_service.go:616.19,618.4 1 1
github.com/StevanoZ/dv-user/service/user_service.go:620.23,622.4 1 2
github.com/StevanoZ/dv-user/service/user_service.go:624.23,626.4 1 2
github.com/StevanoZ/dv-user/service/user_service.go:628.36,630.4 1 1
github.com/StevanoZ/dv-user/service/user_service.go:636.12,640.3 3 1
github.com/StevanoZ/dv-user/service/user_service.go:643.115,661.119 9 4
github.com/StevanoZ/dv-user/service/user_service.go:709.2,712.28 3 4
github.com/StevanoZ/dv-user/service/user_service.go:661.119,662.24 1 3
github.com/StevanoZ/dv-user/service/user_service.go:667.3,667.24 1 3
github.com/StevanoZ/dv-user/service/user_service.go:676.3,676.37 1 3
github.com/StevanoZ/dv-user/service/user_service.go:680.3,681.24 2 2
github.com/StevanoZ/dv-user/service/user_service.go:699.3,699.37 1 2
github.com/StevanoZ/dv-user/service/user_service.go:703.3,706.29 3 1
github.com/StevanoZ/dv-user/service/user_service.go:662.24,665.4 2 3
github.com/StevanoZ/dv-user/service/user_service.go:667.24,674.4 2 3
github.com/StevanoZ/dv-user/service/user_service.go:676.37,678.4 1 1
github.com/StevanoZ/dv-user/service/user_service.go:681.24,684.25 2 20
github.com/StevanoZ/dv-user/service/user_service.go:684.25,685.41 1 20
github.com/StevanoZ/dv-user/service/user_service.go:692.5,695.15 3 10
github.com/StevanoZ/dv-user/service/user_service.go:685.41,687.20 2 20
github.com/StevanoZ/dv-user/service/user_service.go:690.6,690.46 1 10
github.com/StevanoZ/dv-user/service/user_service.go:687.20,689.7 1 10
github.com/StevanoZ/dv-user/service/user_service.go:699.37,701.4 1 1
github.com/StevanoZ/dv-user/service/user_service.go:715.98,718.121 3 4
github.com/StevanoZ/dv-user/service/user_service.go:758.2,761.27 3 4
github.com/StevanoZ/dv-user/service/user_service.go:718.121,722.17 2 3
github.com/StevanoZ/dv-user/service/user_service.go:726.3,728.44 2 2
github.com/StevanoZ/dv-user/service/user_service.go:751.3,751.36 1 2
github.com/StevanoZ/dv-user/service/user_service.go:755.3,755.28 1 1
github.com/StevanoZ/dv-user/service/user_service.go:722.17,724.4 1 1
github.com/StevanoZ/dv-user/service/user_service.go:728.44,732.24 3 6
github.com/StevanoZ/dv-user/service/user_service.go:732.24,734.19 1 6
github.com/StevanoZ/dv-user/service/user_service.go:747.5,747.15 1 3
github.com/StevanoZ/dv-user/service/user_service.go:734.19,736.20 2 6
github.com/StevanoZ/dv-user/service/user_service.go:739.6,741.49 2 3
github.com/StevanoZ/dv-user/service/user_service.go:736.20,738.7 1 3
github.com/StevanoZ/dv-user/service/user_service.go:741.49,743.7 1 1
github.com/StevanoZ/dv-user/service/user_service.go:751.36,753.4 1 1
github.com/StevanoZ/dv-user/dtos/mapping/mapping_response.go:13.54,24.2 1 12
github.com/StevanoZ/dv-user/dtos/mapping/mapping_response.go:26.72,37.2 1 3
github.com/StevanoZ/dv-user/dtos/mapping/mapping_response.go:39.70,49.2 1 27
github.com/StevanoZ/dv-user/dtos/mapping/mapping_response.go:51.91,56.29 4 2
github.com/StevanoZ/dv-user/dtos/mapping/mapping_response.go:63.2,74.3 1 2
github.com/StevanoZ/dv-user/dtos/mapping/mapping_response.go:56.29,57.40 1 8
github.com/StevanoZ/dv-user/dtos/mapping/mapping_response.go:57.40,60.4 2 6
github.com/StevanoZ/dv-user/dtos/mapping/mapping_response.go:77.79,85.37 5 1
github.com/StevanoZ/dv-user/dtos/mapping/mapping_response.go:93.2,93.21 1 1
github.com/StevanoZ/dv-user/dtos/mapping/mapping_response.go:99.2,104.3 1 1
github.com/StevanoZ/dv-user/dtos/mapping/mapping_response.go:85.37,88.3 2 1
github.com/StevanoZ/dv-user/dtos/mapping/mapping_response.go:88.8,91.3 2 0
github.com/StevanoZ/dv-user/dtos/mapping/mapping_response.go:93.21,95.3 1 0
github.com/StevanoZ/dv-user/dtos/mapping/mapping_response.go:95.8,97.3 1 1
github.com/StevanoZ/dv-user/dtos/mapping/mapping_response.go:108.71,115.2 1 2
github.com/StevanoZ/dv-user/dtos/mapping/mapping_response.go:117.69,127.2 1 4
github.com/StevanoZ/dv-user/handler/user_handler.go:39.15,44.2 1 0
github.com/StevanoZ/dv-user/handler/user_handler.go:48.3,70.62 18 0
github.com/StevanoZ/dv-user/handler/user_handler.go:70.62,72.3 1 0
github.com/StevanoZ/dv-user/handler/user_handler.go:75.74,81.2 4 0
github.com/StevanoZ/dv-user/handler/user_handler.go:83.73,89.2 4 0
github.com/StevanoZ/dv-user/handler/user_handler.go:91.78,100.2 6 0
github.com/StevanoZ/dv-user/handler/user_handler.go:102.77,108.2 4 0
github.com/StevanoZ/dv-user/handler/user_handler.go:110.77,116.2 4 0
github.com/StevanoZ/dv-user/handler/user_handler.go:118.80,122.16 3 0
github.com/StevanoZ/dv-user/handler/user_handler.go:126.2,131.46 4 0
github.com/StevanoZ/dv-user/handler/user_handler.go:122.16,124.3 1 0
github.com/StevanoZ/dv-user/handler/user_handler.go:134.80,142.2 5 0
github.com/StevanoZ/dv-user/handler/user_handler.go:144.76,163.2 9 0
github.com/StevanoZ/dv-user/handler/user_handler.go:165.75,170.2 3 0
github.com/StevanoZ/dv-user/handler/user_handler.go:172.81,178.2 3 0
github.com/StevanoZ/dv-user/handler/user_handler.go:180.79,189.2 5 0
